U:/Donnees/Svn_Compile/Cb/Tdm492/Extensions/QtPregen/cb11530-q/2.4.0/src/qtpre.cpp:290: warning: argument '_filename' of command @param is not found in the argument list of qtPre::isComplementFile(const wxString &_file)
U:/Donnees/Svn_Compile/Cb/Tdm492/Extensions/QtPregen/cb11530-q/2.4.0/src/qtpre.h:65: warning: The following parameters of qtPre::isComplementFile(const wxString &_file) are not documented:
  parameter '_file'
U:/Donnees/Svn_Compile/Cb/Tdm492/Extensions/QtPregen/cb11530-q/2.4.0/src/qtpre.cpp:316: warning: argument '_filename' of command @param is not found in the argument list of qtPre::isCreatorFile(const wxString &_file)
U:/Donnees/Svn_Compile/Cb/Tdm492/Extensions/QtPregen/cb11530-q/2.4.0/src/qtpre.h:70: warning: The following parameters of qtPre::isCreatorFile(const wxString &_file) are not documented:
  parameter '_file'
U:/Donnees/Svn_Compile/Cb/Tdm492/Extensions/QtPregen/cb11530-q/2.4.0/src/qtpre.cpp:386: warning: argument '_pageindex' of command @param is not found in the argument list of qtPre::SetPageIndex(int _logindex)
U:/Donnees/Svn_Compile/Cb/Tdm492/Extensions/QtPregen/cb11530-q/2.4.0/src/qtpre.h:149: warning: The following parameters of qtPre::SetPageIndex(int _logindex) are not documented:
  parameter '_logindex'
U:/Donnees/Svn_Compile/Cb/Tdm492/Extensions/QtPregen/cb11530-q/2.4.0/src/qtPrebuild.cpp:26: warning: argument 'l_ogindex' of command @param is not found in the argument list of qtPrebuild::qtPrebuild(cbProject *_prj, int _logindex, wxString &_nameplugin)
U:/Donnees/Svn_Compile/Cb/Tdm492/Extensions/QtPregen/cb11530-q/2.4.0/src/qtPrebuild.h:28: warning: The following parameters of qtPrebuild::qtPrebuild(cbProject *_prj, int _logindex, wxString &_nameplugin) are not documented:
  parameter '_logindex'
U:/Donnees/Svn_Compile/Cb/Tdm492/Extensions/QtPregen/cb11530-q/2.4.0/src/qtPrebuild.cpp:46: warning: argument '_complement' of command @param is not found in the argument list of qtPrebuild::beginMesBuildCreate()
U:/Donnees/Svn_Compile/Cb/Tdm492/Extensions/QtPregen/cb11530-q/2.4.0/src/qtPrebuild.cpp:1055: warning: argument 'f_ile' of command @param is not found in the argument list of qtPrebuild::unregisterFileCreator(const wxString &_file, bool _first)
U:/Donnees/Svn_Compile/Cb/Tdm492/Extensions/QtPregen/cb11530-q/2.4.0/src/qtPrebuild.h:60: warning: The following parameters of qtPrebuild::unregisterFileCreator(const wxString &_file, bool _first) are not documented:
  parameter '_file'
U:/Donnees/Svn_Compile/Cb/Tdm492/Extensions/QtPregen/cb11530-q/2.4.0/src/qtpregen.cpp:800: warning: argument 'event' of command @param is not found in the argument list of QtPregen::OnAbortAdding(CodeBlocksEvent &_event)
U:/Donnees/Svn_Compile/Cb/Tdm492/Extensions/QtPregen/cb11530-q/2.4.0/src/qtpregen.h:217: warning: The following parameters of QtPregen::OnAbortAdding(CodeBlocksEvent &_event) are not documented:
  parameter '_event'
U:/Donnees/Svn_Compile/Cb/Tdm492/Extensions/QtPregen/cb11530-q/2.4.0/src/qtpregen.cpp:398: warning: argument 'event' of command @param is not found in the argument list of QtPregen::OnActivateProject(CodeBlocksEvent &_event)
U:/Donnees/Svn_Compile/Cb/Tdm492/Extensions/QtPregen/cb11530-q/2.4.0/src/qtpregen.h:177: warning: The following parameters of QtPregen::OnActivateProject(CodeBlocksEvent &_event) are not documented:
  parameter '_event'
U:/Donnees/Svn_Compile/Cb/Tdm492/Extensions/QtPregen/cb11530-q/2.4.0/src/qtpregen.cpp:499: warning: argument 'event' of command @param is not found in the argument list of QtPregen::OnActivateTarget(CodeBlocksEvent &_event)
U:/Donnees/Svn_Compile/Cb/Tdm492/Extensions/QtPregen/cb11530-q/2.4.0/src/qtpregen.h:183: warning: The following parameters of QtPregen::OnActivateTarget(CodeBlocksEvent &_event) are not documented:
  parameter '_event'
U:/Donnees/Svn_Compile/Cb/Tdm492/Extensions/QtPregen/cb11530-q/2.4.0/src/qtpregen.cpp:858: warning: argument 'event' of command @param is not found in the argument list of QtPregen::OnAddComplements(CodeBlocksEvent &_event)
U:/Donnees/Svn_Compile/Cb/Tdm492/Extensions/QtPregen/cb11530-q/2.4.0/src/qtpregen.h:204: warning: The following parameters of QtPregen::OnAddComplements(CodeBlocksEvent &_event) are not documented:
  parameter '_event'
U:/Donnees/Svn_Compile/Cb/Tdm492/Extensions/QtPregen/cb11530-q/2.4.0/src/qtpregen.cpp:223: warning: argument 'event' of command @param is not found in the argument list of QtPregen::OnAppBeginShutDown(CodeBlocksEvent &_event)
U:/Donnees/Svn_Compile/Cb/Tdm492/Extensions/QtPregen/cb11530-q/2.4.0/src/qtpregen.h:159: warning: The following parameters of QtPregen::OnAppBeginShutDown(CodeBlocksEvent &_event) are not documented:
  parameter '_event'
U:/Donnees/Svn_Compile/Cb/Tdm492/Extensions/QtPregen/cb11530-q/2.4.0/src/qtpregen.cpp:200: warning: argument 'event' of command @param is not found in the argument list of QtPregen::OnAppDoneStartup(CodeBlocksEvent &_event)
U:/Donnees/Svn_Compile/Cb/Tdm492/Extensions/QtPregen/cb11530-q/2.4.0/src/qtpregen.h:144: warning: The following parameters of QtPregen::OnAppDoneStartup(CodeBlocksEvent &_event) are not documented:
  parameter '_event'
U:/Donnees/Svn_Compile/Cb/Tdm492/Extensions/QtPregen/cb11530-q/2.4.0/src/qtpregen.cpp:358: warning: argument 'event' of command @param is not found in the argument list of QtPregen::OnCloseProject(CodeBlocksEvent &_event)
U:/Donnees/Svn_Compile/Cb/Tdm492/Extensions/QtPregen/cb11530-q/2.4.0/src/qtpregen.h:171: warning: The following parameters of QtPregen::OnCloseProject(CodeBlocksEvent &_event) are not documented:
  parameter '_event'
U:/Donnees/Svn_Compile/Cb/Tdm492/Extensions/QtPregen/cb11530-q/2.4.0/src/qtpregen.cpp:582: warning: argument 'event' of command @param is not found in the argument list of QtPregen::OnNewProject(CodeBlocksEvent &_event)
U:/Donnees/Svn_Compile/Cb/Tdm492/Extensions/QtPregen/cb11530-q/2.4.0/src/qtpregen.h:189: warning: The following parameters of QtPregen::OnNewProject(CodeBlocksEvent &_event) are not documented:
  parameter '_event'
U:/Donnees/Svn_Compile/Cb/Tdm492/Extensions/QtPregen/cb11530-q/2.4.0/src/qtpregen.cpp:304: warning: argument 'event' of command @param is not found in the argument list of QtPregen::OnOpenProject(CodeBlocksEvent &_event)
U:/Donnees/Svn_Compile/Cb/Tdm492/Extensions/QtPregen/cb11530-q/2.4.0/src/qtpregen.h:165: warning: The following parameters of QtPregen::OnOpenProject(CodeBlocksEvent &_event) are not documented:
  parameter '_event'
U:/Donnees/Svn_Compile/Cb/Tdm492/Extensions/QtPregen/cb11530-q/2.4.0/src/qtpregen.cpp:150: warning: argument 'event' of command @param is not found in the argument list of QtPregen::OnPluginLoaded(CodeBlocksEvent &_event)
U:/Donnees/Svn_Compile/Cb/Tdm492/Extensions/QtPregen/cb11530-q/2.4.0/src/qtpregen.h:149: warning: The following parameters of QtPregen::OnPluginLoaded(CodeBlocksEvent &_event) are not documented:
  parameter '_event'
U:/Donnees/Svn_Compile/Cb/Tdm492/Extensions/QtPregen/cb11530-q/2.4.0/src/qtpregen.cpp:177: warning: argument 'event' of command @param is not found in the argument list of QtPregen::OnPluginLoadingComplete(CodeBlocksEvent &_event)
U:/Donnees/Svn_Compile/Cb/Tdm492/Extensions/QtPregen/cb11530-q/2.4.0/src/qtpregen.h:154: warning: The following parameters of QtPregen::OnPluginLoadingComplete(CodeBlocksEvent &_event) are not documented:
  parameter '_event'
U:/Donnees/Svn_Compile/Cb/Tdm492/Extensions/QtPregen/cb11530-q/2.4.0/src/qtpregen.cpp:1146: warning: argument 'event' of command @param is not found in the argument list of QtPregen::onProjectFileRemoved(CodeBlocksEvent &_event)
U:/Donnees/Svn_Compile/Cb/Tdm492/Extensions/QtPregen/cb11530-q/2.4.0/src/qtpregen.h:210: warning: The following parameters of QtPregen::onProjectFileRemoved(CodeBlocksEvent &_event) are not documented:
  parameter '_event'
U:/Donnees/Svn_Compile/Cb/Tdm492/Extensions/QtPregen/cb11530-q/2.4.0/src/qtpregen.cpp:655: warning: argument 'event' of command @param is not found in the argument list of QtPregen::OnRenameProjectOrTarget(CodeBlocksEvent &_event)
U:/Donnees/Svn_Compile/Cb/Tdm492/Extensions/QtPregen/cb11530-q/2.4.0/src/qtpregen.h:196: warning: The following parameters of QtPregen::OnRenameProjectOrTarget(CodeBlocksEvent &_event) are not documented:
  parameter '_event'
U:/Donnees/Svn_Compile/Cb/Tdm492/Extensions/QtPregen/cb11530-q/2.4.0/src/qtpregen.cpp:288: warning: argument '_indexLog' of command @param is not found in the argument list of QtPregen::SwitchToLog(int _indexlog)
U:/Donnees/Svn_Compile/Cb/Tdm492/Extensions/QtPregen/cb11530-q/2.4.0/src/qtpregen.h:250: warning: The following parameters of QtPregen::SwitchToLog(int _indexlog) are not documented:
  parameter '_indexlog'
